<?xml version="1.0" encoding="UTF-8"?>
<testsuite xmlns:xsi="http://www.w3.org/2001/XMLSchema-instance" xsi:noNamespaceSchemaLocation="https://maven.apache.org/surefire/maven-surefire-plugin/xsd/surefire-test-report.xsd" name="com.oac.query.SplitStrategyEndToEndTest" time="0.012" tests="11" errors="0" skipped="0" failures="0">
  <properties>
[...]
</properties>
  <testcase name="runsAssociationMultiStageAssembleEndToEnd" classname="com.oac.query.SplitStrategyEndToEndTest" time="0"/>
  <testcase name="runsAssociationRelationalJoinEndToEnd" classname="com.oac.query.SplitStrategyEndToEndTest" time="0"/>
  <testcase name="runsSingleSourceSingleTableEndToEnd" classname="com.oac.query.SplitStrategyEndToEndTest" time="0"/>
  <testcase name="runsDagDependentAggregateEndToEnd" classname="com.oac.query.SplitStrategyEndToEndTest" time="0"/>
  <testcase name="runsAggregatePushdownEndToEnd" classname="com.oac.query.SplitStrategyEndToEndTest" time="0.001"/>
  <testcase name="runsAssociationGraphPushdownEndToEnd" classname="com.oac.query.SplitStrategyEndToEndTest" time="0.001"/>
  <testcase name="runsCrossSourceMemoryMergeEndToEnd" classname="com.oac.query.SplitStrategyEndToEndTest" time="0.001"/>
  <testcase name="runsAggregateMemoryEndToEnd" classname="com.oac.query.SplitStrategyEndToEndTest" time="0.001"/>
  <testcase name="runsAggregatePartialPushdownMergeEndToEnd" classname="com.oac.query.SplitStrategyEndToEndTest" time="0"/>
  <testcase name="runsSingleSourceMultiTableJoinEndToEnd" classname="com.oac.query.SplitStrategyEndToEndTest" time="0"/>
  <testcase name="runsDagDependentQueryEndToEnd" classname="com.oac.query.SplitStrategyEndToEndTest" time="0"/>
</testsuite>